This file contains any messages produced by compilers while
running configure, to aid debugging if configure makes a mistake.

It was created by which configure 2.21, which was
generated by GNU Autoconf 2.69.  Invocation command line was

  $ ./configure 

## --------- ##
## Platform. ##
## --------- ##

hostname = movil01
uname -m = x86_64
uname -r = 5.15.0-41-generic
uname -s = Linux
uname -v = #44-Ubuntu SMP Wed Jun 22 14:20:53 UTC 2022

/usr/bin/uname -p = x86_64
/bin/uname -X     = unknown

/bin/arch              = x86_64
/usr/bin/arch -k       = unknown
/usr/convex/getsysinfo = unknown
/usr/bin/hostinfo      = unknown
/bin/machine           = unknown
/usr/bin/oslevel       = unknown
/bin/universe          = unknown

PATH: /usr/local/sbin
PATH: /usr/local/bin
PATH: /usr/sbin
PATH: /usr/bin
PATH: /sbin
PATH: /bin
PATH: /snap/bin


## ----------- ##
## Core tests. ##
## ----------- ##

configure:2248: checking for a BSD-compatible install
configure:2316: result: /usr/bin/install -c
configure:2327: checking whether build environment is sane
configure:2382: result: yes
configure:2533: checking for a thread-safe mkdir -p
configure:2572: result: /usr/bin/mkdir -p
configure:2579: checking for gawk
configure:2595: found /usr/bin/gawk
configure:2606: result: gawk
configure:2617: checking whether make sets $(MAKE)
configure:2639: result: yes
configure:2668: checking whether make supports nested variables
configure:2685: result: yes
configure:2814: checking whether to enable maintainer-specific portions of Makefiles
configure:2823: result: no
configure:2905: checking for gcc
configure:2921: found /usr/bin/gcc
configure:2932: result: gcc
configure:3161: checking for C compiler version
configure:3170: gcc --version >&5
gcc (Ubuntu 11.3.0-1ubuntu1~22.04) 11.3.0
Copyright (C) 2021 Free Software Foundation, Inc.
This is free software; see the source for copying conditions.  There is NO
warranty; not even for MERCHANTABILITY or FITNESS FOR A PARTICULAR PURPOSE.

configure:3181: $? = 0
configure:3170: gcc -v >&5
Using built-in specs.
COLLECT_GCC=gcc
COLLECT_LTO_WRAPPER=/usr/lib/gcc/x86_64-linux-gnu/11/lto-wrapper
OFFLOAD_TARGET_NAMES=nvptx-none:amdgcn-amdhsa
OFFLOAD_TARGET_DEFAULT=1
Target: x86_64-linux-gnu
Configured with: ../src/configure -v --with-pkgversion='Ubuntu 11.3.0-1ubuntu1~22.04' --with-bugurl=file:///usr/share/doc/gcc-11/README.Bugs --enable-languages=c,ada,c++,go,brig,d,fortran,objc,obj-c++,m2 --prefix=/usr --with-gcc-major-version-only --program-suffix=-11 --program-prefix=x86_64-linux-gnu- --enable-shared --enable-linker-build-id --libexecdir=/usr/lib --without-included-gettext --enable-threads=posix --libdir=/usr/lib --enable-nls --enable-bootstrap --enable-clocale=gnu --enable-libstdcxx-debug --enable-libstdcxx-time=yes --with-default-libstdcxx-abi=new --enable-gnu-unique-object --disable-vtable-verify --enable-plugin --enable-default-pie --with-system-zlib --enable-libphobos-checking=release --with-target-system-zlib=auto --enable-objc-gc=auto --enable-multiarch --disable-werror --enable-cet --with-arch-32=i686 --with-abi=m64 --with-multilib-list=m32,m64,mx32 --enable-multilib --with-tune=generic --enable-offload-targets=nvptx-none=/build/gcc-11-xKiWfi/gcc-11-11.3.0/debian/tmp-nvptx/usr,amdgcn-amdhsa=/build/gcc-11-xKiWfi/gcc-11-11.3.0/debian/tmp-gcn/usr --without-cuda-driver --enable-checking=release --build=x86_64-linux-gnu --host=x86_64-linux-gnu --target=x86_64-linux-gnu --with-build-config=bootstrap-lto-lean --enable-link-serialization=2
Thread model: posix
Supported LTO compression algorithms: zlib zstd
gcc version 11.3.0 (Ubuntu 11.3.0-1ubuntu1~22.04) 
... rest of stderr output deleted ...
configure:3181: $? = 0
configure:3170: gcc -V >&5
gcc: error: unrecognized command-line option '-V'
gcc: fatal error: no input files
compilation terminated.
configure:3181: $? = 1
configure:3170: gcc -qversion >&5
gcc: error: unrecognized command-line option '-qversion'; did you mean '--version'?
gcc: fatal error: no input files
compilation terminated.
configure:3181: $? = 1
configure:3201: checking whether the C compiler works
configure:3223: gcc    conftest.c  >&5
configure:3227: $? = 0
configure:3275: result: yes
configure:3278: checking for C compiler default output file name
configure:3280: result: a.out
configure:3286: checking for suffix of executables
configure:3293: gcc -o conftest    conftest.c  >&5
configure:3297: $? = 0
configure:3319: result: 
configure:3341: checking whether we are cross compiling
configure:3349: gcc -o conftest    conftest.c  >&5
configure:3353: $? = 0
configure:3360: ./conftest
configure:3364: $? = 0
configure:3379: result: no
configure:3384: checking for suffix of object files
configure:3406: gcc -c   conftest.c >&5
configure:3410: $? = 0
configure:3431: result: o
configure:3435: checking whether we are using the GNU C compiler
configure:3454: gcc -c   conftest.c >&5
configure:3454: $? = 0
configure:3463: result: yes
configure:3472: checking whether gcc accepts -g
configure:3492: gcc -c -g  conftest.c >&5
configure:3492: $? = 0
configure:3533: result: yes
configure:3550: checking for gcc option to accept ISO C89
configure:3613: gcc  -c -g -O2  conftest.c >&5
configure:3613: $? = 0
configure:3626: result: none needed
configure:3651: checking whether gcc understands -c and -o together
configure:3673: gcc -c conftest.c -o conftest2.o
configure:3676: $? = 0
configure:3673: gcc -c conftest.c -o conftest2.o
configure:3676: $? = 0
configure:3688: result: yes
configure:3716: checking for style of include used by make
configure:3744: result: GNU
configure:3770: checking dependency style of gcc
configure:3881: result: pch
configure:3909: checking how to run the C preprocessor
configure:3940: gcc -E  conftest.c
configure:3940: $? = 0
configure:3954: gcc -E  conftest.c
conftest.c:11:10: fatal error: ac_nonexistent.h: No such file or directory
   11 | #include <ac_nonexistent.h>
      |          ^~~~~~~~~~~~~~~~~~
compilation terminated.
configure:3954: $? = 1
configure: failed program was:
| /* confdefs.h */
| #define PACKAGE_NAME "which"
| #define PACKAGE_TARNAME "which"
| #define PACKAGE_VERSION "2.21"
| #define PACKAGE_STRING "which 2.21"
| #define PACKAGE_BUGREPORT ""
| #define PACKAGE_URL ""
| #define PACKAGE "which"
| #define VERSION "2.21"
| /* end confdefs.h.  */
| #include <ac_nonexistent.h>
configure:3979: result: gcc -E
configure:3999: gcc -E  conftest.c
configure:3999: $? = 0
configure:4013: gcc -E  conftest.c
conftest.c:11:10: fatal error: ac_nonexistent.h: No such file or directory
   11 | #include <ac_nonexistent.h>
      |          ^~~~~~~~~~~~~~~~~~
compilation terminated.
configure:4013: $? = 1
configure: failed program was:
| /* confdefs.h */
| #define PACKAGE_NAME "which"
| #define PACKAGE_TARNAME "which"
| #define PACKAGE_VERSION "2.21"
| #define PACKAGE_STRING "which 2.21"
| #define PACKAGE_BUGREPORT ""
| #define PACKAGE_URL ""
| #define PACKAGE "which"
| #define VERSION "2.21"
| /* end confdefs.h.  */
| #include <ac_nonexistent.h>
configure:4042: checking for grep that handles long lines and -e
configure:4100: result: /usr/bin/grep
configure:4105: checking for egrep
configure:4167: result: /usr/bin/grep -E
configure:4172: checking for ANSI C header files
configure:4192: gcc -c -g -O2  conftest.c >&5
configure:4192: $? = 0
configure:4265: gcc -o conftest -g -O2   conftest.c  >&5
configure:4265: $? = 0
configure:4265: ./conftest
configure:4265: $? = 0
configure:4276: result: yes
configure:4289: checking for sys/types.h
configure:4289: gcc -c -g -O2  conftest.c >&5
configure:4289: $? = 0
configure:4289: result: yes
configure:4289: checking for sys/stat.h
configure:4289: gcc -c -g -O2  conftest.c >&5
configure:4289: $? = 0
configure:4289: result: yes
configure:4289: checking for stdlib.h
configure:4289: gcc -c -g -O2  conftest.c >&5
configure:4289: $? = 0
configure:4289: result: yes
configure:4289: checking for string.h
configure:4289: gcc -c -g -O2  conftest.c >&5
configure:4289: $? = 0
configure:4289: result: yes
configure:4289: checking for memory.h
configure:4289: gcc -c -g -O2  conftest.c >&5
configure:4289: $? = 0
configure:4289: result: yes
configure:4289: checking for strings.h
configure:4289: gcc -c -g -O2  conftest.c >&5
configure:4289: $? = 0
configure:4289: result: yes
configure:4289: checking for inttypes.h
configure:4289: gcc -c -g -O2  conftest.c >&5
configure:4289: $? = 0
configure:4289: result: yes
configure:4289: checking for stdint.h
configure:4289: gcc -c -g -O2  conftest.c >&5
configure:4289: $? = 0
configure:4289: result: yes
configure:4289: checking for unistd.h
configure:4289: gcc -c -g -O2  conftest.c >&5
configure:4289: $? = 0
configure:4289: result: yes
configure:4302: checking minix/config.h usability
configure:4302: gcc -c -g -O2  conftest.c >&5
conftest.c:54:10: fatal error: minix/config.h: No such file or directory
   54 | #include <minix/config.h>
      |          ^~~~~~~~~~~~~~~~
compilation terminated.
configure:4302: $? = 1
configure: failed program was:
| /* confdefs.h */
| #define PACKAGE_NAME "which"
| #define PACKAGE_TARNAME "which"
| #define PACKAGE_VERSION "2.21"
| #define PACKAGE_STRING "which 2.21"
| #define PACKAGE_BUGREPORT ""
| #define PACKAGE_URL ""
| #define PACKAGE "which"
| #define VERSION "2.21"
| #define STDC_HEADERS 1
| #define HAVE_SYS_TYPES_H 1
| #define HAVE_SYS_STAT_H 1
| #define HAVE_STDLIB_H 1
| #define HAVE_STRING_H 1
| #define HAVE_MEMORY_H 1
| #define HAVE_STRINGS_H 1
| #define HAVE_INTTYPES_H 1
| #define HAVE_STDINT_H 1
| #define HAVE_UNISTD_H 1
| /* end confdefs.h.  */
| #include <stdio.h>
| #ifdef HAVE_SYS_TYPES_H
| # include <sys/types.h>
| #endif
| #ifdef HAVE_SYS_STAT_H
| # include <sys/stat.h>
| #endif
| #ifdef STDC_HEADERS
| # include <stdlib.h>
| # include <stddef.h>
| #else
| # ifdef HAVE_STDLIB_H
| #  include <stdlib.h>
| # endif
| #endif
| #ifdef HAVE_STRING_H
| # if !defined STDC_HEADERS && defined HAVE_MEMORY_H
| #  include <memory.h>
| # endif
| # include <string.h>
| #endif
| #ifdef HAVE_STRINGS_H
| # include <strings.h>
| #endif
| #ifdef HAVE_INTTYPES_H
| # include <inttypes.h>
| #endif
| #ifdef HAVE_STDINT_H
| # include <stdint.h>
| #endif
| #ifdef HAVE_UNISTD_H
| # include <unistd.h>
| #endif
| #include <minix/config.h>
configure:4302: result: no
configure:4302: checking minix/config.h presence
configure:4302: gcc -E  conftest.c
conftest.c:21:10: fatal error: minix/config.h: No such file or directory
   21 | #include <minix/config.h>
      |          ^~~~~~~~~~~~~~~~
compilation terminated.
configure:4302: $? = 1
configure: failed program was:
| /* confdefs.h */
| #define PACKAGE_NAME "which"
| #define PACKAGE_TARNAME "which"
| #define PACKAGE_VERSION "2.21"
| #define PACKAGE_STRING "which 2.21"
| #define PACKAGE_BUGREPORT ""
| #define PACKAGE_URL ""
| #define PACKAGE "which"
| #define VERSION "2.21"
| #define STDC_HEADERS 1
| #define HAVE_SYS_TYPES_H 1
| #define HAVE_SYS_STAT_H 1
| #define HAVE_STDLIB_H 1
| #define HAVE_STRING_H 1
| #define HAVE_MEMORY_H 1
| #define HAVE_STRINGS_H 1
| #define HAVE_INTTYPES_H 1
| #define HAVE_STDINT_H 1
| #define HAVE_UNISTD_H 1
| /* end confdefs.h.  */
| #include <minix/config.h>
configure:4302: result: no
configure:4302: checking for minix/config.h
configure:4302: result: no
configure:4323: checking whether it is safe to define __EXTENSIONS__
configure:4341: gcc -c -g -O2  conftest.c >&5
configure:4341: $? = 0
configure:4348: result: yes
configure:4365: checking for xmalloc in libiberty.a
configure:4394: gcc -o conftest -g -O2   conftest.c /lib/libiberty.a   >&5
/usr/bin/ld: cannot find /lib/libiberty.a: No such file or directory
collect2: error: ld returned 1 exit status
configure:4394: $? = 1
configure: failed program was:
| /* confdefs.h */
| #define PACKAGE_NAME "which"
| #define PACKAGE_TARNAME "which"
| #define PACKAGE_VERSION "2.21"
| #define PACKAGE_STRING "which 2.21"
| #define PACKAGE_BUGREPORT ""
| #define PACKAGE_URL ""
| #define PACKAGE "which"
| #define VERSION "2.21"
| #define STDC_HEADERS 1
| #define HAVE_SYS_TYPES_H 1
| #define HAVE_SYS_STAT_H 1
| #define HAVE_STDLIB_H 1
| #define HAVE_STRING_H 1
| #define HAVE_MEMORY_H 1
| #define HAVE_STRINGS_H 1
| #define HAVE_INTTYPES_H 1
| #define HAVE_STDINT_H 1
| #define HAVE_UNISTD_H 1
| #define __EXTENSIONS__ 1
| #define _ALL_SOURCE 1
| #define _GNU_SOURCE 1
| #define _POSIX_PTHREAD_SEMANTICS 1
| #define _TANDEM_SOURCE 1
| /* end confdefs.h.  */
|     /* Override any gcc2 internal prototype to avoid an error.  */
|     /* We use char because int might match the return type of a gcc2
|       builtin and then its argument prototype would still apply.  */
|   char xmalloc();
| 
| int
| main ()
| {
| xmalloc()
|   ;
|   return 0;
| }
configure:4394: gcc -o conftest -g -O2   conftest.c /usr/lib/libiberty.a   >&5
/usr/bin/ld: cannot find /usr/lib/libiberty.a: No such file or directory
collect2: error: ld returned 1 exit status
configure:4394: $? = 1
configure: failed program was:
| /* confdefs.h */
| #define PACKAGE_NAME "which"
| #define PACKAGE_TARNAME "which"
| #define PACKAGE_VERSION "2.21"
| #define PACKAGE_STRING "which 2.21"
| #define PACKAGE_BUGREPORT ""
| #define PACKAGE_URL ""
| #define PACKAGE "which"
| #define VERSION "2.21"
| #define STDC_HEADERS 1
| #define HAVE_SYS_TYPES_H 1
| #define HAVE_SYS_STAT_H 1
| #define HAVE_STDLIB_H 1
| #define HAVE_STRING_H 1
| #define HAVE_MEMORY_H 1
| #define HAVE_STRINGS_H 1
| #define HAVE_INTTYPES_H 1
| #define HAVE_STDINT_H 1
| #define HAVE_UNISTD_H 1
| #define __EXTENSIONS__ 1
| #define _ALL_SOURCE 1
| #define _GNU_SOURCE 1
| #define _POSIX_PTHREAD_SEMANTICS 1
| #define _TANDEM_SOURCE 1
| /* end confdefs.h.  */
|     /* Override any gcc2 internal prototype to avoid an error.  */
|     /* We use char because int might match the return type of a gcc2
|       builtin and then its argument prototype would still apply.  */
|   char xmalloc();
| 
| int
| main ()
| {
| xmalloc()
|   ;
|   return 0;
| }
configure:4394: gcc -o conftest -g -O2   conftest.c include/libiberty.a   >&5
/usr/bin/ld: cannot find include/libiberty.a: No such file or directory
collect2: error: ld returned 1 exit status
configure:4394: $? = 1
configure: failed program was:
| /* confdefs.h */
| #define PACKAGE_NAME "which"
| #define PACKAGE_TARNAME "which"
| #define PACKAGE_VERSION "2.21"
| #define PACKAGE_STRING "which 2.21"
| #define PACKAGE_BUGREPORT ""
| #define PACKAGE_URL ""
| #define PACKAGE "which"
| #define VERSION "2.21"
| #define STDC_HEADERS 1
| #define HAVE_SYS_TYPES_H 1
| #define HAVE_SYS_STAT_H 1
| #define HAVE_STDLIB_H 1
| #define HAVE_STRING_H 1
| #define HAVE_MEMORY_H 1
| #define HAVE_STRINGS_H 1
| #define HAVE_INTTYPES_H 1
| #define HAVE_STDINT_H 1
| #define HAVE_UNISTD_H 1
| #define __EXTENSIONS__ 1
| #define _ALL_SOURCE 1
| #define _GNU_SOURCE 1
| #define _POSIX_PTHREAD_SEMANTICS 1
| #define _TANDEM_SOURCE 1
| /* end confdefs.h.  */
|     /* Override any gcc2 internal prototype to avoid an error.  */
|     /* We use char because int might match the return type of a gcc2
|       builtin and then its argument prototype would still apply.  */
|   char xmalloc();
| 
| int
| main ()
| {
| xmalloc()
|   ;
|   return 0;
| }
configure:4394: gcc -o conftest -g -O2   conftest.c /etc/ld.so.conf.d/fakeroot-x86_64-linux-gnu.conf/libiberty.a   >&5
/usr/bin/ld: cannot find /etc/ld.so.conf.d/fakeroot-x86_64-linux-gnu.conf/libiberty.a: Not a directory
collect2: error: ld returned 1 exit status
configure:4394: $? = 1
configure: failed program was:
| /* confdefs.h */
| #define PACKAGE_NAME "which"
| #define PACKAGE_TARNAME "which"
| #define PACKAGE_VERSION "2.21"
| #define PACKAGE_STRING "which 2.21"
| #define PACKAGE_BUGREPORT ""
| #define PACKAGE_URL ""
| #define PACKAGE "which"
| #define VERSION "2.21"
| #define STDC_HEADERS 1
| #define HAVE_SYS_TYPES_H 1
| #define HAVE_SYS_STAT_H 1
| #define HAVE_STDLIB_H 1
| #define HAVE_STRING_H 1
| #define HAVE_MEMORY_H 1
| #define HAVE_STRINGS_H 1
| #define HAVE_INTTYPES_H 1
| #define HAVE_STDINT_H 1
| #define HAVE_UNISTD_H 1
| #define __EXTENSIONS__ 1
| #define _ALL_SOURCE 1
| #define _GNU_SOURCE 1
| #define _POSIX_PTHREAD_SEMANTICS 1
| #define _TANDEM_SOURCE 1
| /* end confdefs.h.  */
|     /* Override any gcc2 internal prototype to avoid an error.  */
|     /* We use char because int might match the return type of a gcc2
|       builtin and then its argument prototype would still apply.  */
|   char xmalloc();
| 
| int
| main ()
| {
| xmalloc()
|   ;
|   return 0;
| }
configure:4394: gcc -o conftest -g -O2   conftest.c /etc/ld.so.conf.d/i386-linux-gnu.conf/libiberty.a   >&5
/usr/bin/ld: cannot find /etc/ld.so.conf.d/i386-linux-gnu.conf/libiberty.a: Not a directory
collect2: error: ld returned 1 exit status
configure:4394: $? = 1
configure: failed program was:
| /* confdefs.h */
| #define PACKAGE_NAME "which"
| #define PACKAGE_TARNAME "which"
| #define PACKAGE_VERSION "2.21"
| #define PACKAGE_STRING "which 2.21"
| #define PACKAGE_BUGREPORT ""
| #define PACKAGE_URL ""
| #define PACKAGE "which"
| #define VERSION "2.21"
| #define STDC_HEADERS 1
| #define HAVE_SYS_TYPES_H 1
| #define HAVE_SYS_STAT_H 1
| #define HAVE_STDLIB_H 1
| #define HAVE_STRING_H 1
| #define HAVE_MEMORY_H 1
| #define HAVE_STRINGS_H 1
| #define HAVE_INTTYPES_H 1
| #define HAVE_STDINT_H 1
| #define HAVE_UNISTD_H 1
| #define __EXTENSIONS__ 1
| #define _ALL_SOURCE 1
| #define _GNU_SOURCE 1
| #define _POSIX_PTHREAD_SEMANTICS 1
| #define _TANDEM_SOURCE 1
| /* end confdefs.h.  */
|     /* Override any gcc2 internal prototype to avoid an error.  */
|     /* We use char because int might match the return type of a gcc2
|       builtin and then its argument prototype would still apply.  */
|   char xmalloc();
| 
| int
| main ()
| {
| xmalloc()
|   ;
|   return 0;
| }
configure:4394: gcc -o conftest -g -O2   conftest.c /etc/ld.so.conf.d/libc.conf/libiberty.a   >&5
/usr/bin/ld: cannot find /etc/ld.so.conf.d/libc.conf/libiberty.a: Not a directory
collect2: error: ld returned 1 exit status
configure:4394: $? = 1
configure: failed program was:
| /* confdefs.h */
| #define PACKAGE_NAME "which"
| #define PACKAGE_TARNAME "which"
| #define PACKAGE_VERSION "2.21"
| #define PACKAGE_STRING "which 2.21"
| #define PACKAGE_BUGREPORT ""
| #define PACKAGE_URL ""
| #define PACKAGE "which"
| #define VERSION "2.21"
| #define STDC_HEADERS 1
| #define HAVE_SYS_TYPES_H 1
| #define HAVE_SYS_STAT_H 1
| #define HAVE_STDLIB_H 1
| #define HAVE_STRING_H 1
| #define HAVE_MEMORY_H 1
| #define HAVE_STRINGS_H 1
| #define HAVE_INTTYPES_H 1
| #define HAVE_STDINT_H 1
| #define HAVE_UNISTD_H 1
| #define __EXTENSIONS__ 1
| #define _ALL_SOURCE 1
| #define _GNU_SOURCE 1
| #define _POSIX_PTHREAD_SEMANTICS 1
| #define _TANDEM_SOURCE 1
| /* end confdefs.h.  */
|     /* Override any gcc2 internal prototype to avoid an error.  */
|     /* We use char because int might match the return type of a gcc2
|       builtin and then its argument prototype would still apply.  */
|   char xmalloc();
| 
| int
| main ()
| {
| xmalloc()
|   ;
|   return 0;
| }
configure:4394: gcc -o conftest -g -O2   conftest.c /etc/ld.so.conf.d/x86_64-linux-gnu.conf/libiberty.a   >&5
/usr/bin/ld: cannot find /etc/ld.so.conf.d/x86_64-linux-gnu.conf/libiberty.a: Not a directory
collect2: error: ld returned 1 exit status
configure:4394: $? = 1
configure: failed program was:
| /* confdefs.h */
| #define PACKAGE_NAME "which"
| #define PACKAGE_TARNAME "which"
| #define PACKAGE_VERSION "2.21"
| #define PACKAGE_STRING "which 2.21"
| #define PACKAGE_BUGREPORT ""
| #define PACKAGE_URL ""
| #define PACKAGE "which"
| #define VERSION "2.21"
| #define STDC_HEADERS 1
| #define HAVE_SYS_TYPES_H 1
| #define HAVE_SYS_STAT_H 1
| #define HAVE_STDLIB_H 1
| #define HAVE_STRING_H 1
| #define HAVE_MEMORY_H 1
| #define HAVE_STRINGS_H 1
| #define HAVE_INTTYPES_H 1
| #define HAVE_STDINT_H 1
| #define HAVE_UNISTD_H 1
| #define __EXTENSIONS__ 1
| #define _ALL_SOURCE 1
| #define _GNU_SOURCE 1
| #define _POSIX_PTHREAD_SEMANTICS 1
| #define _TANDEM_SOURCE 1
| /* end confdefs.h.  */
|     /* Override any gcc2 internal prototype to avoid an error.  */
|     /* We use char because int might match the return type of a gcc2
|       builtin and then its argument prototype would still apply.  */
|   char xmalloc();
| 
| int
| main ()
| {
| xmalloc()
|   ;
|   return 0;
| }
configure:4422: result: no
configure:4428: checking for ANSI C header files
configure:4532: result: yes
configure:4543: checking for unistd.h
configure:4543: result: yes
configure:4543: checking for string.h
configure:4543: result: yes
configure:4543: checking libiberty.h usability
configure:4543: gcc -c -g -O2  conftest.c >&5
conftest.c:62:10: fatal error: libiberty.h: No such file or directory
   62 | #include <libiberty.h>
      |          ^~~~~~~~~~~~~
compilation terminated.
configure:4543: $? = 1
configure: failed program was:
| /* confdefs.h */
| #define PACKAGE_NAME "which"
| #define PACKAGE_TARNAME "which"
| #define PACKAGE_VERSION "2.21"
| #define PACKAGE_STRING "which 2.21"
| #define PACKAGE_BUGREPORT ""
| #define PACKAGE_URL ""
| #define PACKAGE "which"
| #define VERSION "2.21"
| #define STDC_HEADERS 1
| #define HAVE_SYS_TYPES_H 1
| #define HAVE_SYS_STAT_H 1
| #define HAVE_STDLIB_H 1
| #define HAVE_STRING_H 1
| #define HAVE_MEMORY_H 1
| #define HAVE_STRINGS_H 1
| #define HAVE_INTTYPES_H 1
| #define HAVE_STDINT_H 1
| #define HAVE_UNISTD_H 1
| #define __EXTENSIONS__ 1
| #define _ALL_SOURCE 1
| #define _GNU_SOURCE 1
| #define _POSIX_PTHREAD_SEMANTICS 1
| #define _TANDEM_SOURCE 1
| #define STDC_HEADERS 1
| #define HAVE_UNISTD_H 1
| #define HAVE_STRING_H 1
| /* end confdefs.h.  */
| #include <stdio.h>
| #ifdef HAVE_SYS_TYPES_H
| # include <sys/types.h>
| #endif
| #ifdef HAVE_SYS_STAT_H
| # include <sys/stat.h>
| #endif
| #ifdef STDC_HEADERS
| # include <stdlib.h>
| # include <stddef.h>
| #else
| # ifdef HAVE_STDLIB_H
| #  include <stdlib.h>
| # endif
| #endif
| #ifdef HAVE_STRING_H
| # if !defined STDC_HEADERS && defined HAVE_MEMORY_H
| #  include <memory.h>
| # endif
| # include <string.h>
| #endif
| #ifdef HAVE_STRINGS_H
| # include <strings.h>
| #endif
| #ifdef HAVE_INTTYPES_H
| # include <inttypes.h>
| #endif
| #ifdef HAVE_STDINT_H
| # include <stdint.h>
| #endif
| #ifdef HAVE_UNISTD_H
| # include <unistd.h>
| #endif
| #include <libiberty.h>
configure:4543: result: no
configure:4543: checking libiberty.h presence
configure:4543: gcc -E  conftest.c
conftest.c:29:10: fatal error: libiberty.h: No such file or directory
   29 | #include <libiberty.h>
      |          ^~~~~~~~~~~~~
compilation terminated.
configure:4543: $? = 1
configure: failed program was:
| /* confdefs.h */
| #define PACKAGE_NAME "which"
| #define PACKAGE_TARNAME "which"
| #define PACKAGE_VERSION "2.21"
| #define PACKAGE_STRING "which 2.21"
| #define PACKAGE_BUGREPORT ""
| #define PACKAGE_URL ""
| #define PACKAGE "which"
| #define VERSION "2.21"
| #define STDC_HEADERS 1
| #define HAVE_SYS_TYPES_H 1
| #define HAVE_SYS_STAT_H 1
| #define HAVE_STDLIB_H 1
| #define HAVE_STRING_H 1
| #define HAVE_MEMORY_H 1
| #define HAVE_STRINGS_H 1
| #define HAVE_INTTYPES_H 1
| #define HAVE_STDINT_H 1
| #define HAVE_UNISTD_H 1
| #define __EXTENSIONS__ 1
| #define _ALL_SOURCE 1
| #define _GNU_SOURCE 1
| #define _POSIX_PTHREAD_SEMANTICS 1
| #define _TANDEM_SOURCE 1
| #define STDC_HEADERS 1
| #define HAVE_UNISTD_H 1
| #define HAVE_STRING_H 1
| /* end confdefs.h.  */
| #include <libiberty.h>
configure:4543: result: no
configure:4543: checking for libiberty.h
configure:4543: result: no
configure:4553: checking whether stat file-mode macros are broken
configure:4580: gcc -c -g -O2  conftest.c >&5
configure:4580: $? = 0
configure:4587: result: no
configure:4596: checking for an ANSI C-conforming const
configure:4662: gcc -c -g -O2  conftest.c >&5
configure:4662: $? = 0
configure:4669: result: yes
configure:4677: checking for size_t
configure:4677: gcc -c -g -O2  conftest.c >&5
configure:4677: $? = 0
configure:4677: gcc -c -g -O2  conftest.c >&5
conftest.c: In function 'main':
conftest.c:65:21: error: expected expression before ')' token
   65 | if (sizeof ((size_t)))
      |                     ^
configure:4677: $? = 1
configure: failed program was:
| /* confdefs.h */
| #define PACKAGE_NAME "which"
| #define PACKAGE_TARNAME "which"
| #define PACKAGE_VERSION "2.21"
| #define PACKAGE_STRING "which 2.21"
| #define PACKAGE_BUGREPORT ""
| #define PACKAGE_URL ""
| #define PACKAGE "which"
| #define VERSION "2.21"
| #define STDC_HEADERS 1
| #define HAVE_SYS_TYPES_H 1
| #define HAVE_SYS_STAT_H 1
| #define HAVE_STDLIB_H 1
| #define HAVE_STRING_H 1
| #define HAVE_MEMORY_H 1
| #define HAVE_STRINGS_H 1
| #define HAVE_INTTYPES_H 1
| #define HAVE_STDINT_H 1
| #define HAVE_UNISTD_H 1
| #define __EXTENSIONS__ 1
| #define _ALL_SOURCE 1
| #define _GNU_SOURCE 1
| #define _POSIX_PTHREAD_SEMANTICS 1
| #define _TANDEM_SOURCE 1
| #define STDC_HEADERS 1
| #define HAVE_UNISTD_H 1
| #define HAVE_STRING_H 1
| /* end confdefs.h.  */
| #include <stdio.h>
| #ifdef HAVE_SYS_TYPES_H
| # include <sys/types.h>
| #endif
| #ifdef HAVE_SYS_STAT_H
| # include <sys/stat.h>
| #endif
| #ifdef STDC_HEADERS
| # include <stdlib.h>
| # include <stddef.h>
| #else
| # ifdef HAVE_STDLIB_H
| #  include <stdlib.h>
| # endif
| #endif
| #ifdef HAVE_STRING_H
| # if !defined STDC_HEADERS && defined HAVE_MEMORY_H
| #  include <memory.h>
| # endif
| # include <string.h>
| #endif
| #ifdef HAVE_STRINGS_H
| # include <strings.h>
| #endif
| #ifdef HAVE_INTTYPES_H
| # include <inttypes.h>
| #endif
| #ifdef HAVE_STDINT_H
| # include <stdint.h>
| #endif
| #ifdef HAVE_UNISTD_H
| # include <unistd.h>
| #endif
| int
| main ()
| {
| if (sizeof ((size_t)))
| 	    return 0;
|   ;
|   return 0;
| }
configure:4677: result: yes
configure:4689: checking for uid_t in sys/types.h
configure:4708: result: yes
configure:4719: checking type of array argument to getgroups
configure:4753: gcc -o conftest -g -O2   conftest.c  >&5
configure:4753: $? = 0
configure:4753: ./conftest
configure:4753: $? = 0
configure:4778: result: gid_t
configure:4789: checking for strchr
configure:4789: gcc -o conftest -g -O2   conftest.c  >&5
conftest.c:53:6: warning: conflicting types for built-in function 'strchr'; expected 'char *(const char *, int)' [-Wbuiltin-declaration-mismatch]
   53 | char strchr ();
      |      ^~~~~~
conftest.c:41:1: note: 'strchr' is declared in header '<string.h>'
   40 | # include <limits.h>
   41 | #else
configure:4789: $? = 0
configure:4789: result: yes
configure:4789: checking for memcpy
configure:4789: gcc -o conftest -g -O2   conftest.c  >&5
conftest.c:54:6: warning: conflicting types for built-in function 'memcpy'; expected 'void *(void *, const void *, long unsigned int)' [-Wbuiltin-declaration-mismatch]
   54 | char memcpy ();
      |      ^~~~~~
conftest.c:42:1: note: 'memcpy' is declared in header '<string.h>'
   41 | # include <limits.h>
   42 | #else
configure:4789: $? = 0
configure:4789: result: yes
configure:4789: checking for getopt_long
configure:4789: gcc -o conftest -g -O2   conftest.c  >&5
configure:4789: $? = 0
configure:4789: result: yes
configure:4789: checking for getcwd
configure:4789: gcc -o conftest -g -O2   conftest.c  >&5
configure:4789: $? = 0
configure:4789: result: yes
configure:4789: checking for getwd
configure:4789: gcc -o conftest -g -O2   conftest.c  >&5
/usr/bin/ld: /tmp/ccC7h7YM.o: in function `main':
/home/jeastman/Projects/jeastman/ansible-develop-machine/which-2.21/conftest.c:68: warning: the `getwd' function is dangerous and should not be used.
configure:4789: $? = 0
configure:4789: result: yes
configure:4789: checking for sysconf
configure:4789: gcc -o conftest -g -O2   conftest.c  >&5
configure:4789: $? = 0
configure:4789: result: yes
configure:4789: checking for getgroups
configure:4789: gcc -o conftest -g -O2   conftest.c  >&5
configure:4789: $? = 0
configure:4789: result: yes
configure:4789: checking for eaccess
configure:4789: gcc -o conftest -g -O2   conftest.c  >&5
configure:4789: $? = 0
configure:4789: result: yes
configure:4808: checking for ar
configure:4824: found /usr/bin/ar
configure:4836: result: ar
configure:4887: checking for ranlib
configure:4903: found /usr/bin/ranlib
configure:4914: result: ranlib
configure:4939: checking for stdlib.h
configure:4939: result: yes
configure:4939: checking for memory.h
configure:4939: result: yes
configure:4939: checking pwd.h usability
configure:4939: gcc -c -g -O2  conftest.c >&5
configure:4939: $? = 0
configure:4939: result: yes
configure:4939: checking pwd.h presence
configure:4939: gcc -E  conftest.c
configure:4939: $? = 0
configure:4939: result: yes
configure:4939: checking for pwd.h
configure:4939: result: yes
configure:4939: checking for strings.h
configure:4939: result: yes
configure:4952: checking for getpwent
configure:4952: gcc -o conftest -g -O2   conftest.c  >&5
configure:4952: $? = 0
configure:4952: result: yes
configure:4952: checking for getpwnam
configure:4952: gcc -o conftest -g -O2   conftest.c  >&5
configure:4952: $? = 0
configure:4952: result: yes
configure:4952: checking for getpwuid
configure:4952: gcc -o conftest -g -O2   conftest.c  >&5
configure:4952: $? = 0
configure:4952: result: yes
configure:4961: checking whether programs are able to redeclare getpw functions
configure:4981: gcc -c -g -O2  conftest.c >&5
configure:4981: $? = 0
configure:4989: result: yes
configure:5100: checking that generated files are newer than configure
configure:5106: result: done
configure:5133: creating ./config.status

## ---------------------- ##
## Running config.status. ##
## ---------------------- ##

This file was extended by which config.status 2.21, which was
generated by GNU Autoconf 2.69.  Invocation command line was

  CONFIG_FILES    = 
  CONFIG_HEADERS  = 
  CONFIG_LINKS    = 
  CONFIG_COMMANDS = 
  $ ./config.status 

on movil01

config.status:885: creating Makefile
config.status:885: creating maintMakefile
config.status:885: creating tilde/Makefile
config.status:885: creating config.h
config.status:1114: executing depfiles commands

## ---------------- ##
## Cache variables. ##
## ---------------- ##

ac_cv_c_compiler_gnu=yes
ac_cv_c_const=yes
ac_cv_env_CC_set=
ac_cv_env_CC_value=
ac_cv_env_CFLAGS_set=
ac_cv_env_CFLAGS_value=
ac_cv_env_CPPFLAGS_set=
ac_cv_env_CPPFLAGS_value=
ac_cv_env_CPP_set=
ac_cv_env_CPP_value=
ac_cv_env_LDFLAGS_set=
ac_cv_env_LDFLAGS_value=
ac_cv_env_LIBS_set=
ac_cv_env_LIBS_value=
ac_cv_env_build_alias_set=
ac_cv_env_build_alias_value=
ac_cv_env_host_alias_set=
ac_cv_env_host_alias_value=
ac_cv_env_target_alias_set=
ac_cv_env_target_alias_value=
ac_cv_func_eaccess=yes
ac_cv_func_getcwd=yes
ac_cv_func_getgroups=yes
ac_cv_func_getopt_long=yes
ac_cv_func_getpwent=yes
ac_cv_func_getpwnam=yes
ac_cv_func_getpwuid=yes
ac_cv_func_getwd=yes
ac_cv_func_memcpy=yes
ac_cv_func_strchr=yes
ac_cv_func_sysconf=yes
ac_cv_header_inttypes_h=yes
ac_cv_header_libiberty_h=no
ac_cv_header_memory_h=yes
ac_cv_header_minix_config_h=no
ac_cv_header_pwd_h=yes
ac_cv_header_stat_broken=no
ac_cv_header_stdc=yes
ac_cv_header_stdint_h=yes
ac_cv_header_stdlib_h=yes
ac_cv_header_string_h=yes
ac_cv_header_strings_h=yes
ac_cv_header_sys_stat_h=yes
ac_cv_header_sys_types_h=yes
ac_cv_header_unistd_h=yes
ac_cv_lib_static_libiberty_a_xmalloc=no
ac_cv_objext=o
ac_cv_path_EGREP='/usr/bin/grep -E'
ac_cv_path_GREP=/usr/bin/grep
ac_cv_path_install='/usr/bin/install -c'
ac_cv_path_mkdir=/usr/bin/mkdir
ac_cv_prog_AR=ar
ac_cv_prog_AWK=gawk
ac_cv_prog_CPP='gcc -E'
ac_cv_prog_ac_ct_CC=gcc
ac_cv_prog_ac_ct_RANLIB=ranlib
ac_cv_prog_cc_c89=
ac_cv_prog_cc_g=yes
ac_cv_prog_make_make_set=yes
ac_cv_safe_to_define___extensions__=yes
ac_cv_type_getgroups=gid_t
ac_cv_type_size_t=yes
ac_cv_type_uid_t=yes
am_cv_CC_dependencies_compiler_type=pch
am_cv_make_support_nested_variables=yes
am_cv_prog_cc_c_o=yes
bash_cv_can_redecl_getpw=yes
which_cv_iberty=yes

## ----------------- ##
## Output variables. ##
## ----------------- ##

ACLOCAL='${SHELL} /home/jeastman/Projects/jeastman/ansible-develop-machine/which-2.21/missing aclocal-1.14'
ACLOCAL_CWFLAGS='-I /usr/share/cwautomacros/m4'
AMDEPBACKSLASH='\'
AMDEP_FALSE='#'
AMDEP_TRUE=''
AMTAR='$${TAR-tar}'
AM_BACKSLASH='\'
AM_DEFAULT_V='$(AM_DEFAULT_VERBOSITY)'
AM_DEFAULT_VERBOSITY='1'
AM_V='$(V)'
AR='ar'
AUTOCONF='${SHELL} /home/jeastman/Projects/jeastman/ansible-develop-machine/which-2.21/missing autoconf'
AUTOHEADER='${SHELL} /home/jeastman/Projects/jeastman/ansible-develop-machine/which-2.21/missing autoheader'
AUTOMAKE='${SHELL} /home/jeastman/Projects/jeastman/ansible-develop-machine/which-2.21/missing automake-1.14'
AWK='gawk'
CC='gcc'
CCDEPMODE='depmode=pch'
CFLAGS='-g -O2'
CPP='gcc -E'
CPPFLAGS=''
CYGPATH_W='echo'
DEFS='-DHAVE_CONFIG_H'
DEPDIR='.deps'
ECHO_C=''
ECHO_N='-n'
ECHO_T=''
EGREP='/usr/bin/grep -E'
EXEEXT=''
GREP='/usr/bin/grep'
INSTALL_DATA='${INSTALL} -m 644'
INSTALL_PROGRAM='${INSTALL}'
INSTALL_SCRIPT='${INSTALL}'
INSTALL_STRIP_PROGRAM='$(install_sh) -c -s'
LDFLAGS=''
LIBOBJS=''
LIBS=''
LTLIBOBJS=''
MAINT='#'
MAINTAINER_MODE_FALSE=''
MAINTAINER_MODE_TRUE='#'
MAKEINFO='${SHELL} /home/jeastman/Projects/jeastman/ansible-develop-machine/which-2.21/missing makeinfo'
MKDIR_P='/usr/bin/mkdir -p'
OBJEXT='o'
PACKAGE='which'
PACKAGE_BUGREPORT=''
PACKAGE_NAME='which'
PACKAGE_STRING='which 2.21'
PACKAGE_TARNAME='which'
PACKAGE_URL=''
PACKAGE_VERSION='2.21'
PATH_SEPARATOR=':'
RANLIB='ranlib'
SET_MAKE=''
SHELL='/bin/bash'
STRIP=''
VERSION='2.21'
ac_ct_CC='gcc'
am__EXEEXT_FALSE=''
am__EXEEXT_TRUE='#'
am__fastdepCC_FALSE=''
am__fastdepCC_TRUE='#'
am__include='include'
am__isrc=''
am__leading_dot='.'
am__nodep='_no'
am__quote=''
am__tar='$${TAR-tar} chof - "$$tardir"'
am__untar='$${TAR-tar} xf -'
bindir='${exec_prefix}/bin'
build_alias=''
datadir='${datarootdir}'
datarootdir='${prefix}/share'
docdir='${datarootdir}/doc/${PACKAGE_TARNAME}'
dvidir='${docdir}'
exec_prefix='${prefix}'
host_alias=''
htmldir='${docdir}'
includedir='${prefix}/include'
infodir='${datarootdir}/info'
install_sh='${SHELL} /home/jeastman/Projects/jeastman/ansible-develop-machine/which-2.21/install-sh'
libdir='${exec_prefix}/lib'
libexecdir='${exec_prefix}/libexec'
localedir='${datarootdir}/locale'
localstatedir='${prefix}/var'
mandir='${datarootdir}/man'
mkdir_p='$(MKDIR_P)'
oldincludedir='/usr/include'
pdfdir='${docdir}'
prefix='/usr/local'
program_transform_name='s,x,x,'
psdir='${docdir}'
sbindir='${exec_prefix}/sbin'
sharedstatedir='${prefix}/com'
sysconfdir='${prefix}/etc'
target_alias=''

## ----------- ##
## confdefs.h. ##
## ----------- ##

/* confdefs.h */
#define PACKAGE_NAME "which"
#define PACKAGE_TARNAME "which"
#define PACKAGE_VERSION "2.21"
#define PACKAGE_STRING "which 2.21"
#define PACKAGE_BUGREPORT ""
#define PACKAGE_URL ""
#define PACKAGE "which"
#define VERSION "2.21"
#define STDC_HEADERS 1
#define HAVE_SYS_TYPES_H 1
#define HAVE_SYS_STAT_H 1
#define HAVE_STDLIB_H 1
#define HAVE_STRING_H 1
#define HAVE_MEMORY_H 1
#define HAVE_STRINGS_H 1
#define HAVE_INTTYPES_H 1
#define HAVE_STDINT_H 1
#define HAVE_UNISTD_H 1
#define __EXTENSIONS__ 1
#define _ALL_SOURCE 1
#define _GNU_SOURCE 1
#define _POSIX_PTHREAD_SEMANTICS 1
#define _TANDEM_SOURCE 1
#define STDC_HEADERS 1
#define HAVE_UNISTD_H 1
#define HAVE_STRING_H 1
#define GETGROUPS_T gid_t
#define HAVE_STRCHR 1
#define HAVE_MEMCPY 1
#define HAVE_GETOPT_LONG 1
#define HAVE_GETCWD 1
#define HAVE_GETWD 1
#define HAVE_SYSCONF 1
#define HAVE_GETGROUPS 1
#define HAVE_EACCESS 1
#define NEED_XMALLOC 1
#define HAVE_STDLIB_H 1
#define HAVE_MEMORY_H 1
#define HAVE_PWD_H 1
#define HAVE_STRINGS_H 1
#define HAVE_GETPWENT 1
#define HAVE_GETPWNAM 1
#define HAVE_GETPWUID 1

configure: exit 0
